<?xml version="1.0" encoding="UTF-8"?>
<testng-results skipped="0" failed="0" ignored="6" total="10" passed="4">
  <reporter-output>
  </reporter-output>
  <suite name="FlipKart Automation Suite" duration-ms="15054" started-at="2020-08-04T08:56:14Z" finished-at="2020-08-04T08:56:29Z">
    <groups>
    </groups>
    <test name="Flipkart Test" duration-ms="15054" started-at="2020-08-04T08:56:14Z" finished-at="2020-08-04T08:56:29Z">
      <class name="com.FlipKart.testCases.LoginPageTest">
        <test-method status="PASS" signature="initialization()[pri:0, instance:com.FlipKart.testCases.LoginPageTest@53b32d7]" name="initialization" is-config="true" duration-ms="14956" started-at="2020-08-04T08:55:59Z" description="It is used for supporting different browsers" finished-at="2020-08-04T08:56:14Z">
          <reporter-output>
          </reporter-output>
        </test-method> <!-- initialization -->
        <test-method status="PASS" signature="loginTest()[pri:0, instance:com.FlipKart.testCases.LoginPageTest@53b32d7]" name="loginTest" duration-ms="619" started-at="2020-08-04T08:56:15Z" description="validate the login of the application&#039;s mobile number and password" finished-at="2020-08-04T08:56:15Z">
          <reporter-output>
          </reporter-output>
        </test-method> <!-- loginTest -->
        <test-method status="PASS" signature="tearDown()[pri:0, instance:com.FlipKart.testCases.LoginPageTest@53b32d7]" name="tearDown" is-config="true" duration-ms="675" started-at="2020-08-04T08:56:30Z" description="used for closing all browser after executing application" finished-at="2020-08-04T08:56:31Z">
          <reporter-output>
          </reporter-output>
        </test-method> <!-- tearDown -->
      </class> <!-- com.FlipKart.testCases.LoginPageTest -->
      <class name="com.FlipKart.testCases.LogoutTest">
        <test-method status="PASS" signature="userLogout()[pri:0, instance:com.FlipKart.testCases.LogoutTest@1a968a59]" name="userLogout" duration-ms="512" started-at="2020-08-04T08:56:29Z" description="This method used to logout the application" finished-at="2020-08-04T08:56:29Z">
          <reporter-output>
          </reporter-output>
        </test-method> <!-- userLogout -->
      </class> <!-- com.FlipKart.testCases.LogoutTest -->
      <class name="com.FlipKart.testCases.SearchPageTest">
        <test-method status="PASS" signature="searchItemValidation()[pri:0, instance:com.FlipKart.testCases.SearchPageTest@5442a311]" name="searchItemValidation" duration-ms="1712" started-at="2020-08-04T08:56:15Z" description="This method is used to search the item" finished-at="2020-08-04T08:56:17Z">
          <reporter-output>
          </reporter-output>
        </test-method> <!-- searchItemValidation -->
      </class> <!-- com.FlipKart.testCases.SearchPageTest -->
      <class name="com.FlipKart.testCases.AddProductTest">
        <test-method status="PASS" signature="addProductValidation()[pri:0, instance:com.FlipKart.testCases.AddProductTest@548e7350]" name="addProductValidation" duration-ms="11964" started-at="2020-08-04T08:56:17Z" description="This method is used to validate the product add to card and validate the product&#039;s name" finished-at="2020-08-04T08:56:29Z">
          <reporter-output>
          </reporter-output>
        </test-method> <!-- addProductValidation -->
      </class> <!-- com.FlipKart.testCases.AddProductTest -->
    </test> <!-- Flipkart Test -->
  </suite> <!-- FlipKart Automation Suite -->
</testng-results>
