<?xml version="1.0" encoding="UTF-8"?>
<!-- Generated by org.testng.reporters.JUnitXMLReporter -->
<testsuite hostname="IBRAHIM" ignored="6" name="Flipkart Test" tests="4" failures="0" timestamp="04 Aug 2020 08:56:30 GMT" time="15.054" errors="0">
  <testcase name="loginTest" time="0.619" classname="com.FlipKart.testCases.LoginPageTest"/>
  <testcase name="searchItemValidation" time="1.712" classname="com.FlipKart.testCases.SearchPageTest"/>
  <testcase name="addProductValidation" time="11.964" classname="com.FlipKart.testCases.AddProductTest"/>
  <testcase name="userLogout" time="0.512" classname="com.FlipKart.testCases.LogoutTest"/>
  <testcase name="@AfterSuite tearDown" time="0.0" classname="com.FlipKart.testCases.BaseClass">
    <ignored/>
  </testcase> <!-- @AfterSuite tearDown -->
  <testcase name="@AfterSuite tearDown" time="0.0" classname="com.FlipKart.testCases.BaseClass">
    <ignored/>
  </testcase> <!-- @AfterSuite tearDown -->
  <testcase name="@AfterSuite tearDown" time="0.0" classname="com.FlipKart.testCases.BaseClass">
    <ignored/>
  </testcase> <!-- @AfterSuite tearDown -->
  <testcase name="@BeforeSuite initialization" time="0.0" classname="com.FlipKart.testCases.BaseClass">
    <ignored/>
  </testcase> <!-- @BeforeSuite initialization -->
  <testcase name="@BeforeSuite initialization" time="0.0" classname="com.FlipKart.testCases.BaseClass">
    <ignored/>
  </testcase> <!-- @BeforeSuite initialization -->
  <testcase name="@BeforeSuite initialization" time="0.0" classname="com.FlipKart.testCases.BaseClass">
    <ignored/>
  </testcase> <!-- @BeforeSuite initialization -->
</testsuite> <!-- Flipkart Test -->
