<?xml version="1.0" encoding="UTF-8"?>
<testng-results skipped="0" failed="0" ignored="6" total="10" passed="4">
  <reporter-output>
  </reporter-output>
  <suite name="FlipKart Automation Suite" duration-ms="79774" started-at="2020-08-06T12:57:40Z" finished-at="2020-08-06T12:59:00Z">
    <groups>
    </groups>
    <test name="Flipkart Test in Grid with browser chrome" duration-ms="79774" started-at="2020-08-06T12:57:40Z" finished-at="2020-08-06T12:59:00Z">
      <class name="testCases.LoginPageTest">
        <test-method status="PASS" signature="initialization(java.lang.String, java.lang.String)[pri:0, instance:testCases.LoginPageTest@39c0f4a]" name="initialization" is-config="true" duration-ms="49958" started-at="2020-08-06T12:57:41Z" description="It is used for supporting different browsers" finished-at="2020-08-06T12:58:31Z">
          <params>
            <param index="0">
              <value>
                <![CDATA[TC_1]]>
              </value>
            </param>
            <param index="1">
              <value>
                <![CDATA[chrome]]>
              </value>
            </param>
          </params>
          <reporter-output>
          </reporter-output>
        </test-method> <!-- initialization -->
        <test-method status="PASS" signature="loginTest()[pri:0, instance:testCases.LoginPageTest@39c0f4a]" name="loginTest" duration-ms="5476" started-at="2020-08-06T12:58:31Z" description="validate the login of the application&#039;s mobile number and password" finished-at="2020-08-06T12:58:36Z">
          <reporter-output>
          </reporter-output>
        </test-method> <!-- loginTest -->
        <test-method status="PASS" signature="tearDown()[pri:0, instance:testCases.LoginPageTest@39c0f4a]" name="tearDown" is-config="true" duration-ms="181" started-at="2020-08-06T12:59:00Z" description="used for closing all browser after executing application" finished-at="2020-08-06T12:59:00Z">
          <reporter-output>
          </reporter-output>
        </test-method> <!-- tearDown -->
      </class> <!-- testCases.LoginPageTest -->
      <class name="testCases.LogoutTest">
        <test-method status="PASS" signature="userLogout()[pri:0, instance:testCases.LogoutTest@57baeedf]" name="userLogout" duration-ms="2053" started-at="2020-08-06T12:58:58Z" description="This method used to logout the application" finished-at="2020-08-06T12:59:00Z">
          <reporter-output>
          </reporter-output>
        </test-method> <!-- userLogout -->
      </class> <!-- testCases.LogoutTest -->
      <class name="testCases.AddProductTest">
        <test-method status="PASS" signature="addProductValidation()[pri:0, instance:testCases.AddProductTest@42e26948]" name="addProductValidation" duration-ms="19798" started-at="2020-08-06T12:58:38Z" description="This method is used to validate the product add to card and validate the product&#039;s name" finished-at="2020-08-06T12:58:58Z">
          <reporter-output>
          </reporter-output>
        </test-method> <!-- addProductValidation -->
      </class> <!-- testCases.AddProductTest -->
      <class name="testCases.SearchPageTest">
        <test-method status="PASS" signature="searchItemValidation()[pri:0, instance:testCases.SearchPageTest@1794d431]" name="searchItemValidation" duration-ms="1712" started-at="2020-08-06T12:58:36Z" description="This method is used to search the item" finished-at="2020-08-06T12:58:38Z">
          <reporter-output>
          </reporter-output>
        </test-method> <!-- searchItemValidation -->
      </class> <!-- testCases.SearchPageTest -->
    </test> <!-- Flipkart Test in Grid with browser chrome -->
  </suite> <!-- FlipKart Automation Suite -->
</testng-results>
