<?xml version="1.0" encoding="UTF-8"?>
<!-- Generated by org.testng.reporters.JUnitXMLReporter -->
<testsuite hostname="IBRAHIM" ignored="6" name="Flipkart Test" tests="4" failures="0" timestamp="06 Aug 2020 08:54:09 GMT" time="9.276" errors="0">
  <testcase name="loginTest" time="0.713" classname="testCases.LoginPageTest"/>
  <testcase name="searchItemValidation" time="1.9" classname="testCases.SearchPageTest"/>
  <testcase name="addProductValidation" time="6.002" classname="testCases.AddProductTest"/>
  <testcase name="userLogout" time="0.408" classname="testCases.LogoutTest"/>
  <testcase name="@AfterSuite tearDown" time="0.0" classname="base.BaseClass">
    <ignored/>
  </testcase> <!-- @AfterSuite tearDown -->
  <testcase name="@AfterSuite tearDown" time="0.0" classname="base.BaseClass">
    <ignored/>
  </testcase> <!-- @AfterSuite tearDown -->
  <testcase name="@AfterSuite tearDown" time="0.0" classname="base.BaseClass">
    <ignored/>
  </testcase> <!-- @AfterSuite tearDown -->
  <testcase name="@BeforeSuite initialization" time="0.0" classname="base.BaseClass">
    <ignored/>
  </testcase> <!-- @BeforeSuite initialization -->
  <testcase name="@BeforeSuite initialization" time="0.0" classname="base.BaseClass">
    <ignored/>
  </testcase> <!-- @BeforeSuite initialization -->
  <testcase name="@BeforeSuite initialization" time="0.0" classname="base.BaseClass">
    <ignored/>
  </testcase> <!-- @BeforeSuite initialization -->
</testsuite> <!-- Flipkart Test -->
